[0.069s] DEBUG:colcon:Command line arguments: ['/usr/bin/colcon', 'build']
[0.069s] DEBUG:colcon:Parsed command line arguments: Namespace(log_base=None, log_level=None, verb_name='build', build_base='build', install_base='install', merge_install=False, symlink_install=False, test_result_base=None, continue_on_error=False, executor='parallel', parallel_workers=24, event_handlers=None, ignore_user_meta=False, metas=['./colcon.meta'], base_paths=['.'], packages_ignore=None, packages_ignore_regex=None, paths=None, packages_up_to=None, packages_up_to_regex=None, packages_above=None, packages_above_and_dependencies=None, packages_above_depth=None, packages_select_by_dep=None, packages_skip_by_dep=None, packages_skip_up_to=None, packages_select_build_failed=False, packages_skip_build_finished=False, packages_select_test_failures=False, packages_skip_test_passed=False, packages_select=None, packages_skip=None, packages_select_regex=None, packages_skip_regex=None, packages_start=None, packages_end=None, allow_overriding=[], cmake_args=None, cmake_target=None, cmake_target_skip_unavailable=False, cmake_clean_cache=False, cmake_clean_first=False, cmake_force_configure=False, ament_cmake_args=None, catkin_cmake_args=None, catkin_skip_building_tests=False, mixin_files=None, mixin=None, verb_parser=<colcon_mixin.mixin.mixin_argument.MixinArgumentDecorator object at 0x74bb81a45ea0>, verb_extension=<colcon_core.verb.build.BuildVerb object at 0x74bb81bbb7f0>, main=<bound method BuildVerb.main of <colcon_core.verb.build.BuildVerb object at 0x74bb81bbb7f0>>, mixin_verb=('build',))
[0.174s] Level 1:colcon.colcon_core.package_discovery:discover_packages(colcon_meta) check parameters
[0.174s] Level 1:colcon.colcon_core.package_discovery:discover_packages(recursive) check parameters
[0.174s] Level 1:colcon.colcon_core.package_discovery:discover_packages(ignore) check parameters
[0.174s] Level 1:colcon.colcon_core.package_discovery:discover_packages(path) check parameters
[0.174s] Level 1:colcon.colcon_core.package_discovery:discover_packages(colcon_meta) discover
[0.174s] Level 1:colcon.colcon_core.package_discovery:discover_packages(recursive) discover
[0.174s] INFO:colcon.colcon_core.package_discovery:Crawling recursively for packages in '/home/yazid/turtle_ws'
[0.175s] Level 1:colcon.colcon_core.package_identification:_identify(.) by extensions ['ignore', 'ignore_ament_install']
[0.175s] Level 1:colcon.colcon_core.package_identification:_identify(.) by extension 'ignore'
[0.175s] Level 1:colcon.colcon_core.package_identification:_identify(.) by extension 'ignore_ament_install'
[0.175s] Level 1:colcon.colcon_core.package_identification:_identify(.) by extensions ['colcon_pkg']
[0.175s] Level 1:colcon.colcon_core.package_identification:_identify(.) by extension 'colcon_pkg'
[0.175s] Level 1:colcon.colcon_core.package_identification:_identify(.) by extensions ['colcon_meta']
[0.175s] Level 1:colcon.colcon_core.package_identification:_identify(.) by extension 'colcon_meta'
[0.175s] Level 1:colcon.colcon_core.package_identification:_identify(.) by extensions ['ros']
[0.175s] Level 1:colcon.colcon_core.package_identification:_identify(.) by extension 'ros'
[0.182s] Level 1:colcon.colcon_core.package_identification:_identify(.) by extensions ['cmake', 'python']
[0.182s] Level 1:colcon.colcon_core.package_identification:_identify(.) by extension 'cmake'
[0.182s] Level 1:colcon.colcon_core.package_identification:_identify(.) by extension 'python'
[0.182s] Level 1:colcon.colcon_core.package_identification:_identify(.) by extensions ['python_setup_py']
[0.182s] Level 1:colcon.colcon_core.package_identification:_identify(.) by extension 'python_setup_py'
[0.182s] Level 1:colcon.colcon_core.package_identification:_identify(build) by extensions ['ignore', 'ignore_ament_install']
[0.182s] Level 1:colcon.colcon_core.package_identification:_identify(build) by extension 'ignore'
[0.182s] Level 1:colcon.colcon_core.package_identification:_identify(build) ignored
[0.182s] Level 1:colcon.colcon_core.package_identification:_identify(install) by extensions ['ignore', 'ignore_ament_install']
[0.182s] Level 1:colcon.colcon_core.package_identification:_identify(install) by extension 'ignore'
[0.182s] Level 1:colcon.colcon_core.package_identification:_identify(install) ignored
[0.182s] Level 1:colcon.colcon_core.package_identification:_identify(log) by extensions ['ignore', 'ignore_ament_install']
[0.182s] Level 1:colcon.colcon_core.package_identification:_identify(log) by extension 'ignore'
[0.182s] Level 1:colcon.colcon_core.package_identification:_identify(log) ignored
[0.182s] Level 1:colcon.colcon_core.package_identification:_identify(src) by extensions ['ignore', 'ignore_ament_install']
[0.182s] Level 1:colcon.colcon_core.package_identification:_identify(src) by extension 'ignore'
[0.182s] Level 1:colcon.colcon_core.package_identification:_identify(src) by extension 'ignore_ament_install'
[0.182s] Level 1:colcon.colcon_core.package_identification:_identify(src) by extensions ['colcon_pkg']
[0.182s] Level 1:colcon.colcon_core.package_identification:_identify(src) by extension 'colcon_pkg'
[0.182s] Level 1:colcon.colcon_core.package_identification:_identify(src) by extensions ['colcon_meta']
[0.182s] Level 1:colcon.colcon_core.package_identification:_identify(src) by extension 'colcon_meta'
[0.182s] Level 1:colcon.colcon_core.package_identification:_identify(src) by extensions ['ros']
[0.182s] Level 1:colcon.colcon_core.package_identification:_identify(src) by extension 'ros'
[0.182s] Level 1:colcon.colcon_core.package_identification:_identify(src) by extensions ['cmake', 'python']
[0.183s] Level 1:colcon.colcon_core.package_identification:_identify(src) by extension 'cmake'
[0.183s] Level 1:colcon.colcon_core.package_identification:_identify(src) by extension 'python'
[0.183s] Level 1:colcon.colcon_core.package_identification:_identify(src) by extensions ['python_setup_py']
[0.183s] Level 1:colcon.colcon_core.package_identification:_identify(src) by extension 'python_setup_py'
[0.183s] Level 1:colcon.colcon_core.package_identification:_identify(src/circle_drawer) by extensions ['ignore', 'ignore_ament_install']
[0.183s] Level 1:colcon.colcon_core.package_identification:_identify(src/circle_drawer) by extension 'ignore'
[0.183s] Level 1:colcon.colcon_core.package_identification:_identify(src/circle_drawer) by extension 'ignore_ament_install'
[0.183s] Level 1:colcon.colcon_core.package_identification:_identify(src/circle_drawer) by extensions ['colcon_pkg']
[0.183s] Level 1:colcon.colcon_core.package_identification:_identify(src/circle_drawer) by extension 'colcon_pkg'
[0.183s] Level 1:colcon.colcon_core.package_identification:_identify(src/circle_drawer) by extensions ['colcon_meta']
[0.183s] Level 1:colcon.colcon_core.package_identification:_identify(src/circle_drawer) by extension 'colcon_meta'
[0.183s] Level 1:colcon.colcon_core.package_identification:_identify(src/circle_drawer) by extensions ['ros']
[0.183s] Level 1:colcon.colcon_core.package_identification:_identify(src/circle_drawer) by extension 'ros'
[0.184s] DEBUG:colcon.colcon_core.package_identification:Package 'src/circle_drawer' with type 'ros.ament_python' and name 'circle_drawer'
[0.184s] Level 1:colcon.colcon_core.package_discovery:discover_packages(recursive) using defaults
[0.184s] Level 1:colcon.colcon_core.package_discovery:discover_packages(ignore) discover
[0.184s] Level 1:colcon.colcon_core.package_discovery:discover_packages(ignore) using defaults
[0.184s] Level 1:colcon.colcon_core.package_discovery:discover_packages(path) discover
[0.184s] Level 1:colcon.colcon_core.package_discovery:discover_packages(path) using defaults
[0.197s] Level 1:colcon.colcon_core.package_discovery:discover_packages(prefix_path) check parameters
[0.197s] Level 1:colcon.colcon_core.package_discovery:discover_packages(prefix_path) discover
[0.203s] DEBUG:colcon.colcon_installed_package_information.package_discovery:Found 270 installed packages in /opt/ros/humble
[0.204s] Level 1:colcon.colcon_core.package_discovery:discover_packages(prefix_path) using defaults
[0.228s] Level 5:colcon.colcon_core.verb:set package 'circle_drawer' build argument 'cmake_args' from command line to 'None'
[0.228s] Level 5:colcon.colcon_core.verb:set package 'circle_drawer' build argument 'cmake_target' from command line to 'None'
[0.228s] Level 5:colcon.colcon_core.verb:set package 'circle_drawer' build argument 'cmake_target_skip_unavailable' from command line to 'False'
[0.228s] Level 5:colcon.colcon_core.verb:set package 'circle_drawer' build argument 'cmake_clean_cache' from command line to 'False'
[0.228s] Level 5:colcon.colcon_core.verb:set package 'circle_drawer' build argument 'cmake_clean_first' from command line to 'False'
[0.228s] Level 5:colcon.colcon_core.verb:set package 'circle_drawer' build argument 'cmake_force_configure' from command line to 'False'
[0.228s] Level 5:colcon.colcon_core.verb:set package 'circle_drawer' build argument 'ament_cmake_args' from command line to 'None'
[0.228s] Level 5:colcon.colcon_core.verb:set package 'circle_drawer' build argument 'catkin_cmake_args' from command line to 'None'
[0.228s] Level 5:colcon.colcon_core.verb:set package 'circle_drawer' build argument 'catkin_skip_building_tests' from command line to 'False'
[0.228s] DEBUG:colcon.colcon_core.verb:Building package 'circle_drawer' with the following arguments: {'ament_cmake_args': None, 'build_base': '/home/yazid/turtle_ws/build/circle_drawer', 'catkin_cmake_args': None, 'catkin_skip_building_tests': False, 'cmake_args': None, 'cmake_clean_cache': False, 'cmake_clean_first': False, 'cmake_force_configure': False, 'cmake_target': None, 'cmake_target_skip_unavailable': False, 'install_base': '/home/yazid/turtle_ws/install/circle_drawer', 'merge_install': False, 'path': '/home/yazid/turtle_ws/src/circle_drawer', 'symlink_install': False, 'test_result_base': None}
[0.228s] INFO:colcon.colcon_core.executor:Executing jobs using 'parallel' executor
[0.229s] DEBUG:colcon.colcon_parallel_executor.executor.parallel:run_until_complete
[0.229s] INFO:colcon.colcon_ros.task.ament_python.build:Building ROS package in '/home/yazid/turtle_ws/src/circle_drawer' with build type 'ament_python'
[0.229s] Level 1:colcon.colcon_core.shell:create_environment_hook('circle_drawer', 'ament_prefix_path')
[0.230s] INFO:colcon.colcon_core.plugin_system:Skipping extension 'colcon_core.shell.bat': Not used on non-Windows systems
[0.230s] INFO:colcon.colcon_core.shell:Creating environment hook '/home/yazid/turtle_ws/install/circle_drawer/share/circle_drawer/hook/ament_prefix_path.ps1'
[0.235s] INFO:colcon.colcon_core.shell:Creating environment descriptor '/home/yazid/turtle_ws/install/circle_drawer/share/circle_drawer/hook/ament_prefix_path.dsv'
[0.236s] INFO:colcon.colcon_core.shell:Creating environment hook '/home/yazid/turtle_ws/install/circle_drawer/share/circle_drawer/hook/ament_prefix_path.sh'
[0.236s] INFO:colcon.colcon_core.shell:Skip shell extension 'powershell' for command environment: Not usable outside of PowerShell
[0.237s] DEBUG:colcon.colcon_core.shell:Skip shell extension 'dsv' for command environment
[0.399s] INFO:colcon.colcon_core.task.python.build:Building Python package in '/home/yazid/turtle_ws/src/circle_drawer'
[0.399s] INFO:colcon.colcon_core.shell:Skip shell extension 'powershell' for command environment: Not usable outside of PowerShell
[0.399s] DEBUG:colcon.colcon_core.shell:Skip shell extension 'dsv' for command environment
[0.605s] DEBUG:colcon.colcon_core.event_handler.log_command:Invoking command in '/home/yazid/turtle_ws/src/circle_drawer': PYTHONPATH=/home/yazid/turtle_ws/build/circle_drawer/prefix_override:/usr/lib/python3/dist-packages/colcon_core/task/python/colcon_distutils_commands:/home/yazid/turtle_ws/install/circle_drawer/lib/python3.10/site-packages:${PYTHONPATH} /usr/bin/python3 -W ignore:setup.py install is deprecated setup.py egg_info --egg-base ../../build/circle_drawer build --build-base /home/yazid/turtle_ws/build/circle_drawer/build install --record /home/yazid/turtle_ws/build/circle_drawer/install.log --single-version-externally-managed install_data
[0.788s] DEBUG:colcon.colcon_core.event_handler.log_command:Invoked command in '/home/yazid/turtle_ws/src/circle_drawer' returned '0': PYTHONPATH=/home/yazid/turtle_ws/build/circle_drawer/prefix_override:/usr/lib/python3/dist-packages/colcon_core/task/python/colcon_distutils_commands:/home/yazid/turtle_ws/install/circle_drawer/lib/python3.10/site-packages:${PYTHONPATH} /usr/bin/python3 -W ignore:setup.py install is deprecated setup.py egg_info --egg-base ../../build/circle_drawer build --build-base /home/yazid/turtle_ws/build/circle_drawer/build install --record /home/yazid/turtle_ws/build/circle_drawer/install.log --single-version-externally-managed install_data
[0.790s] Level 1:colcon.colcon_core.environment:checking '/home/yazid/turtle_ws/install/circle_drawer' for CMake module files
[0.790s] Level 1:colcon.colcon_core.environment:checking '/home/yazid/turtle_ws/install/circle_drawer' for CMake config files
[0.791s] Level 1:colcon.colcon_core.environment:checking '/home/yazid/turtle_ws/install/circle_drawer/lib'
[0.791s] Level 1:colcon.colcon_core.environment:checking '/home/yazid/turtle_ws/install/circle_drawer/bin'
[0.791s] Level 1:colcon.colcon_core.environment:checking '/home/yazid/turtle_ws/install/circle_drawer/lib/pkgconfig/circle_drawer.pc'
[0.791s] Level 1:colcon.colcon_core.environment:checking '/home/yazid/turtle_ws/install/circle_drawer/lib/python3.10/site-packages'
[0.791s] Level 1:colcon.colcon_core.shell:create_environment_hook('circle_drawer', 'pythonpath')
[0.791s] INFO:colcon.colcon_core.shell:Creating environment hook '/home/yazid/turtle_ws/install/circle_drawer/share/circle_drawer/hook/pythonpath.ps1'
[0.791s] INFO:colcon.colcon_core.shell:Creating environment descriptor '/home/yazid/turtle_ws/install/circle_drawer/share/circle_drawer/hook/pythonpath.dsv'
[0.792s] INFO:colcon.colcon_core.shell:Creating environment hook '/home/yazid/turtle_ws/install/circle_drawer/share/circle_drawer/hook/pythonpath.sh'
[0.792s] Level 1:colcon.colcon_core.environment:checking '/home/yazid/turtle_ws/install/circle_drawer/bin'
[0.792s] Level 1:colcon.colcon_core.environment:create_environment_scripts_only(circle_drawer)
[0.792s] INFO:colcon.colcon_core.shell:Creating package script '/home/yazid/turtle_ws/install/circle_drawer/share/circle_drawer/package.ps1'
[0.793s] INFO:colcon.colcon_core.shell:Creating package descriptor '/home/yazid/turtle_ws/install/circle_drawer/share/circle_drawer/package.dsv'
[0.793s] INFO:colcon.colcon_core.shell:Creating package script '/home/yazid/turtle_ws/install/circle_drawer/share/circle_drawer/package.sh'
[0.794s] INFO:colcon.colcon_core.shell:Creating package script '/home/yazid/turtle_ws/install/circle_drawer/share/circle_drawer/package.bash'
[0.794s] INFO:colcon.colcon_core.shell:Creating package script '/home/yazid/turtle_ws/install/circle_drawer/share/circle_drawer/package.zsh'
[0.795s] Level 1:colcon.colcon_core.environment:create_file_with_runtime_dependencies(/home/yazid/turtle_ws/install/circle_drawer/share/colcon-core/packages/circle_drawer)
[0.795s] DEBUG:colcon.colcon_parallel_executor.executor.parallel:closing loop
[0.795s] DEBUG:colcon.colcon_parallel_executor.executor.parallel:loop closed
[0.795s] DEBUG:colcon.colcon_parallel_executor.executor.parallel:run_until_complete finished with '0'
[0.795s] DEBUG:colcon.colcon_core.event_reactor:joining thread
[0.799s] INFO:colcon.colcon_core.plugin_system:Skipping extension 'colcon_notification.desktop_notification.terminal_notifier': Not used on non-Darwin systems
[0.799s] INFO:colcon.colcon_core.plugin_system:Skipping extension 'colcon_notification.desktop_notification.win32': Not used on non-Windows systems
[0.799s] INFO:colcon.colcon_notification.desktop_notification:Sending desktop notification using 'notify2'
[0.808s] DEBUG:colcon.colcon_core.event_reactor:joined thread
[0.808s] INFO:colcon.colcon_core.shell:Creating prefix script '/home/yazid/turtle_ws/install/local_setup.ps1'
[0.809s] INFO:colcon.colcon_core.shell:Creating prefix util module '/home/yazid/turtle_ws/install/_local_setup_util_ps1.py'
[0.810s] INFO:colcon.colcon_core.shell:Creating prefix chain script '/home/yazid/turtle_ws/install/setup.ps1'
[0.810s] INFO:colcon.colcon_core.shell:Creating prefix script '/home/yazid/turtle_ws/install/local_setup.sh'
[0.811s] INFO:colcon.colcon_core.shell:Creating prefix util module '/home/yazid/turtle_ws/install/_local_setup_util_sh.py'
[0.811s] INFO:colcon.colcon_core.shell:Creating prefix chain script '/home/yazid/turtle_ws/install/setup.sh'
[0.812s] INFO:colcon.colcon_core.shell:Creating prefix script '/home/yazid/turtle_ws/install/local_setup.bash'
[0.812s] INFO:colcon.colcon_core.shell:Creating prefix chain script '/home/yazid/turtle_ws/install/setup.bash'
[0.813s] INFO:colcon.colcon_core.shell:Creating prefix script '/home/yazid/turtle_ws/install/local_setup.zsh'
[0.814s] INFO:colcon.colcon_core.shell:Creating prefix chain script '/home/yazid/turtle_ws/install/setup.zsh'
